SF:lib\ui\screens\splash_page.dart
DA:6,12
DA:8,2
DA:9,2
DA:13,2
DA:15,2
DA:16,6
DA:17,4
DA:21,2
DA:23,2
DA:24,6
DA:25,2
DA:26,2
DA:27,2
DA:29,2
DA:30,2
DA:36,2
DA:37,6
LF:17
LH:17
end_of_record
SF:lib\controllers\splash_controller.dart
DA:6,1
DA:7,1
DA:8,1
DA:9,0
LF:4
LH:3
end_of_record
SF:lib\main.dart
DA:12,0
DA:14,0
DA:17,0
DA:18,0
DA:22,0
DA:23,0
DA:24,0
DA:25,0
DA:26,0
DA:29,0
DA:31,0
DA:32,0
DA:41,12
DA:43,1
DA:45,1
DA:47,2
DA:48,1
DA:49,1
DA:53,1
DA:55,1
DA:56,1
DA:58,2
LF:22
LH:10
end_of_record
SF:lib\firebase_options.dart
DA:8,0
DA:11,0
LF:2
LH:0
end_of_record
SF:lib\functionality\adaptive\capabilities.dart
DA:9,1
DA:14,1
LF:2
LH:2
end_of_record
SF:lib\functionality\adaptive\policies.dart
DA:16,1
DA:17,1
DA:20,1
DA:21,1
LF:4
LH:4
end_of_record
SF:lib\functionality\routing.dart
DA:27,6
DA:28,2
DA:30,0
DA:34,2
DA:36,0
DA:40,2
DA:42,0
DA:49,6
DA:52,2
DA:53,2
DA:55,1
DA:58,2
DA:59,0
DA:60,0
DA:63,2
LF:15
LH:10
end_of_record
SF:lib\ui\screens\settings.dart
DA:6,12
DA:8,1
DA:10,1
DA:11,1
DA:13,1
DA:14,1
DA:16,1
DA:17,1
DA:21,1
DA:23,1
DA:24,1
DA:26,2
DA:27,1
DA:28,2
LF:14
LH:14
end_of_record
SF:lib\ui\screens\quick_id.dart
DA:27,11
DA:29,0
DA:30,0
DA:53,0
DA:55,0
DA:57,0
DA:58,0
DA:60,0
DA:62,0
DA:69,0
DA:70,0
DA:71,0
DA:73,0
DA:76,0
DA:79,0
DA:81,0
DA:82,0
DA:84,0
DA:85,0
DA:86,0
DA:87,0
DA:88,0
DA:89,0
DA:92,0
DA:96,0
DA:98,0
DA:99,0
DA:100,0
DA:102,0
DA:104,0
DA:105,0
DA:107,0
DA:108,0
DA:109,0
DA:110,0
DA:111,0
DA:112,0
DA:116,0
DA:120,0
DA:122,0
DA:125,0
DA:126,0
DA:129,0
DA:130,0
DA:133,0
DA:134,0
DA:137,0
DA:139,0
DA:145,0
DA:147,0
DA:148,0
DA:151,0
DA:153,0
DA:157,0
DA:158,0
DA:159,0
DA:160,0
DA:164,0
DA:165,0
DA:170,0
DA:171,0
DA:174,0
DA:176,0
DA:177,0
DA:178,0
DA:181,0
DA:183,0
DA:184,0
DA:185,0
DA:187,0
DA:191,0
DA:194,0
DA:195,0
DA:196,0
DA:199,0
DA:200,0
DA:202,0
DA:203,0
DA:204,0
DA:206,0
DA:207,0
DA:212,0
DA:230,0
DA:231,0
DA:232,0
DA:233,0
DA:234,0
DA:235,0
DA:236,0
DA:237,0
DA:238,0
DA:241,0
DA:242,0
DA:244,0
DA:245,0
DA:246,0
DA:247,0
DA:248,0
DA:249,0
DA:251,0
DA:252,0
DA:253,0
DA:256,0
DA:258,0
DA:260,0
DA:261,0
DA:264,0
DA:265,0
DA:266,0
DA:268,0
DA:269,0
DA:272,0
DA:274,0
DA:276,0
DA:278,0
DA:279,0
DA:280,0
DA:281,0
DA:283,0
DA:284,0
DA:285,0
DA:286,0
DA:289,0
DA:290,0
DA:292,0
DA:294,0
DA:295,0
DA:299,0
DA:300,0
DA:301,0
DA:305,0
DA:307,0
DA:309,0
DA:310,0
DA:322,0
DA:324,0
DA:325,0
DA:326,0
DA:328,0
DA:330,0
DA:331,0
DA:332,0
DA:334,0
DA:338,0
DA:339,0
DA:348,0
DA:349,0
DA:353,0
DA:354,0
DA:358,0
DA:359,0
DA:360,0
DA:399,0
DA:403,0
DA:404,0
DA:407,0
DA:410,0
DA:411,0
DA:412,0
DA:415,0
DA:417,0
DA:420,0
DA:421,0
DA:422,0
DA:424,0
DA:426,0
DA:427,0
DA:432,0
DA:433,0
DA:434,0
DA:435,0
DA:436,0
DA:438,0
DA:439,0
DA:441,0
DA:442,0
DA:443,0
DA:444,0
DA:456,0
DA:468,0
DA:469,0
DA:471,0
DA:474,0
DA:476,0
DA:477,0
DA:478,0
DA:479,0
DA:480,0
DA:482,0
DA:483,0
DA:485,0
DA:487,0
DA:488,0
DA:496,0
DA:498,0
DA:499,0
DA:500,0
DA:504,0
DA:505,0
DA:506,0
DA:511,0
DA:512,0
DA:521,0
DA:522,0
DA:523,0
DA:524,0
DA:525,0
DA:537,0
DA:550,0
DA:551,0
DA:553,0
DA:556,0
DA:558,0
DA:559,0
DA:561,0
DA:564,0
DA:565,0
DA:566,0
DA:567,0
DA:568,0
DA:570,0
DA:572,0
DA:573,0
DA:580,0
DA:581,0
DA:583,0
DA:586,0
DA:587,0
DA:589,0
DA:590,0
DA:591,0
DA:592,0
DA:596,0
DA:597,0
DA:598,0
DA:603,0
DA:604,0
DA:606,0
DA:607,0
DA:608,0
DA:617,0
DA:618,0
DA:619,0
DA:620,0
DA:621,0
DA:633,0
DA:637,0
DA:639,0
DA:640,0
DA:642,0
DA:644,0
DA:645,0
DA:647,0
DA:648,0
DA:657,0
DA:661,0
DA:663,0
DA:669,0
DA:682,0
DA:688,0
DA:690,0
DA:691,0
DA:692,0
DA:693,0
DA:694,0
DA:695,0
DA:696,0
DA:698,0
DA:699,0
DA:700,0
DA:701,0
DA:705,0
DA:706,0
DA:707,0
DA:708,0
LF:275
LH:1
end_of_record
SF:lib\ui\screens\chat.dart
DA:21,11
DA:25,0
DA:27,0
DA:44,0
DA:47,0
DA:48,0
DA:50,0
DA:51,0
DA:56,0
DA:58,0
DA:59,0
DA:63,0
DA:65,0
DA:67,0
DA:68,0
DA:69,0
DA:72,0
DA:74,0
DA:77,0
DA:84,0
DA:86,0
DA:87,0
DA:88,0
DA:90,0
DA:93,0
DA:95,0
DA:96,0
DA:102,0
DA:104,0
DA:105,0
DA:108,0
DA:110,0
DA:111,0
DA:112,0
DA:113,0
DA:114,0
DA:117,0
DA:119,0
DA:120,0
DA:124,0
DA:126,0
DA:127,0
DA:131,0
DA:133,0
DA:136,0
DA:139,0
DA:143,0
DA:144,0
DA:150,0
DA:152,0
DA:154,0
DA:156,0
DA:158,0
DA:165,0
DA:167,0
DA:168,0
DA:169,0
DA:172,0
DA:173,0
DA:174,0
DA:177,0
DA:179,0
DA:180,0
DA:182,0
DA:183,0
DA:184,0
DA:192,0
DA:194,0
DA:195,0
DA:197,0
DA:203,0
DA:205,0
DA:208,0
DA:209,0
DA:211,0
DA:212,0
DA:214,0
DA:215,0
DA:217,0
DA:218,0
DA:221,0
DA:222,0
DA:223,0
DA:225,0
DA:227,0
DA:228,0
DA:229,0
DA:232,0
DA:233,0
DA:234,0
LF:90
LH:1
end_of_record
SF:lib\ui\components\navigation.dart
DA:8,0
DA:20,2
DA:35,1
DA:39,1
DA:40,1
DA:47,0
DA:49,0
DA:50,0
DA:52,0
DA:53,0
DA:56,0
DA:57,0
DA:61,1
DA:65,4
DA:67,1
DA:68,1
DA:69,1
DA:71,1
DA:73,1
DA:74,1
DA:76,1
DA:78,3
DA:83,0
DA:85,0
DA:86,0
DA:88,0
DA:89,0
DA:97,1
DA:108,1
DA:110,1
DA:111,1
DA:113,1
DA:114,1
DA:120,1
LF:34
LH:21
end_of_record
SF:lib\functionality\state.dart
DA:11,1
DA:12,1
DA:13,1
DA:17,1
DA:18,1
DA:19,1
DA:29,4
DA:32,2
DA:33,2
DA:34,2
LF:10
LH:10
end_of_record
SF:lib\models\metadata.dart
DA:15,2
DA:25,1
DA:27,1
DA:28,2
DA:29,2
DA:30,2
DA:31,2
DA:35,1
DA:36,2
DA:37,2
DA:38,2
DA:39,2
DA:43,1
DA:44,1
DA:45,1
DA:47,1
DA:48,1
DA:54,1
DA:56,7
DA:59,1
DA:60,1
DA:62,1
DA:64,1
DA:66,3
DA:69,1
DA:74,1
DA:76,3
DA:79,1
LF:28
LH:28
end_of_record
SF:lib\ui\components\core_components.dart
DA:12,0
DA:23,0
DA:25,0
DA:27,0
DA:28,0
DA:29,0
DA:31,0
DA:32,0
DA:40,0
DA:42,0
DA:43,0
DA:44,0
DA:45,0
DA:46,0
DA:53,0
DA:54,0
DA:55,0
DA:59,0
DA:68,2
DA:86,0
DA:87,0
DA:88,0
DA:92,2
DA:94,2
DA:96,2
DA:98,2
DA:99,2
DA:100,2
DA:101,2
DA:107,2
DA:108,2
DA:109,2
DA:110,2
DA:111,2
DA:112,2
DA:113,2
DA:115,2
DA:119,1
DA:122,1
DA:123,1
DA:124,1
DA:125,1
DA:133,1
DA:134,1
DA:135,1
DA:141,1
DA:142,0
DA:144,0
DA:145,0
DA:155,1
DA:164,1
DA:166,1
DA:168,1
DA:170,1
DA:171,1
DA:172,1
DA:175,1
DA:177,1
DA:179,1
DA:180,0
DA:181,0
DA:183,0
DA:184,0
DA:187,0
DA:189,0
DA:191,0
DA:199,0
DA:201,1
DA:202,1
DA:204,0
DA:206,1
DA:207,1
DA:209,1
DA:210,1
DA:211,1
DA:212,1
DA:214,0
DA:215,1
DA:218,1
DA:220,0
DA:221,1
DA:225,1
DA:226,1
DA:228,0
DA:229,1
DA:231,1
DA:242,1
DA:253,1
DA:255,1
DA:256,1
DA:258,1
DA:259,1
DA:260,1
DA:262,1
DA:264,1
DA:265,1
DA:266,1
DA:267,1
DA:270,1
DA:271,1
DA:272,1
LF:101
LH:65
end_of_record
SF:lib\shared\core\app_fonts.dart
DA:7,2
DA:8,2
DA:16,1
DA:17,1
DA:25,1
DA:27,1
DA:35,1
DA:36,1
LF:8
LH:8
end_of_record
SF:lib\navigation_icons.dart
DA:22,0
LF:1
LH:0
end_of_record
SF:lib\ui\components\adaptive_helper_widgets.dart
DA:5,2
DA:13,2
DA:15,2
DA:16,2
DA:18,4
DA:25,0
DA:33,0
DA:34,0
DA:42,0
DA:44,0
DA:45,0
DA:47,0
DA:49,0
LF:13
LH:5
end_of_record
SF:lib\ui\utilities.dart
DA:3,1
DA:4,0
DA:5,0
DA:6,0
LF:4
LH:1
end_of_record
